 This look-up table (LUT) contains the following SW gross optical properties for a normalized aerosol size distribution (N=1/cm3):
 
 kcomp, iband, rh, 
 omega(iband), gass(iband), bext(iband), kext(iband)
 
 Here omega is the single scattering albedo (1),gass is the asymmetry factor (1), bext is the extiction (1/km), and kext is the specific extinction (m2/g)
 kcomp is the aerosol size mode number, iband is the wavelength band number, rh is RH(%)/100 
 (no added internally mixed mass to be taken into account for this mode)
 
 This LUT is made with an AeroTab version with the following input parameters, to be checked 
 against CAM5-Oslo (producing error messages on inconsistencies):
 Discrete input-values of
 X-CHECK relh =
 0.000E+00 0.370E+00 0.470E+00 0.650E+00 0.750E+00 0.800E+00 0.850E+00 0.900E+00 0.950E+00 0.995E+00
 (catot, fac, fbc, faq: not used)
 Modal median dry radius (m) at point of emission 
 X-CHECK originalNumberMedianRadius =
 0.62600E-07
 and corresponding standard deviation 
 X-CHECK originalSigma =
 0.16000E+01
 Aerosol type mass densities (kg/m3) for ammonium sulfate, BC, OC, dust and sea-salt 
 X-CHECK aerosol_type_density =
 0.17690E+04 0.18000E+04 0.15000E+04 0.26000E+04 0.22000E+04
 and their corresponding hygroscopicities at RH~100%
 X-CHECK hygroscopicities =
 0.50700E+00 0.50000E-06 0.14000E+00 0.69300E-01 0.12000E+01
 Number of wavelength bands in AeroTab (before Chandrasekhar averaging) 
 X-CHECK ib =
 31
 and the number of wavelength bands used in CAM5-Oslo:
 X-CHECK ibcam =
 14
 
 X-CHECK LUT: table values to be used for look-ups and interpolations in CAM5-Oslo:
  0  1   0.000  0.48226E+00  0.75959E+00  0.45125E-04  0.19757E+02
  0  2   0.000  0.44090E+00  0.68784E+00  0.36457E-04  0.15962E+02
  0  3   0.000  0.39070E+00  0.60947E+00  0.28407E-04  0.12437E+02
  0  4   0.000  0.31667E+00  0.49679E+00  0.19846E-04  0.86891E+01
  0  5   0.000  0.23851E+00  0.38126E+00  0.13452E-04  0.58899E+01
  0  6   0.000  0.15027E+00  0.25697E+00  0.85342E-05  0.37366E+01
  0  7   0.000  0.89479E-01  0.17245E+00  0.58074E-05  0.25427E+01
  0  8   0.000  0.68101E-01  0.14141E+00  0.49245E-05  0.21561E+01
  0  9   0.000  0.42386E-01  0.10164E+00  0.38328E-05  0.16781E+01
  0 10   0.000  0.29352E-01  0.79326E-01  0.32288E-05  0.14137E+01
  0 11   0.000  0.20978E-01  0.63383E-01  0.27904E-05  0.12218E+01
  0 12   0.000  0.12777E-01  0.45647E-01  0.22819E-05  0.99910E+00
  0 13   0.000  0.69430E-02  0.30537E-01  0.18095E-05  0.79227E+00
  0 14   0.000  0.58879E-03  0.59750E-02  0.76294E-06  0.33404E+00
  0  1   0.370  0.48226E+00  0.75959E+00  0.45125E-04  0.19757E+02
  0  2   0.370  0.44090E+00  0.68784E+00  0.36457E-04  0.15962E+02
  0  3   0.370  0.39070E+00  0.60947E+00  0.28407E-04  0.12437E+02
  0  4   0.370  0.31667E+00  0.49679E+00  0.19846E-04  0.86891E+01
  0  5   0.370  0.23851E+00  0.38126E+00  0.13452E-04  0.58899E+01
  0  6   0.370  0.15027E+00  0.25697E+00  0.85342E-05  0.37366E+01
  0  7   0.370  0.89479E-01  0.17245E+00  0.58074E-05  0.25427E+01
  0  8   0.370  0.68101E-01  0.14141E+00  0.49245E-05  0.21561E+01
  0  9   0.370  0.42386E-01  0.10164E+00  0.38328E-05  0.16781E+01
  0 10   0.370  0.29352E-01  0.79326E-01  0.32288E-05  0.14137E+01
  0 11   0.370  0.20978E-01  0.63383E-01  0.27904E-05  0.12218E+01
  0 12   0.370  0.12777E-01  0.45647E-01  0.22819E-05  0.99910E+00
  0 13   0.370  0.69430E-02  0.30537E-01  0.18095E-05  0.79227E+00
  0 14   0.370  0.58879E-03  0.59750E-02  0.76294E-06  0.33404E+00
  0  1   0.470  0.48226E+00  0.75959E+00  0.45125E-04  0.19757E+02
  0  2   0.470  0.44090E+00  0.68784E+00  0.36457E-04  0.15962E+02
  0  3   0.470  0.39070E+00  0.60947E+00  0.28407E-04  0.12437E+02
  0  4   0.470  0.31667E+00  0.49679E+00  0.19846E-04  0.86891E+01
  0  5   0.470  0.23851E+00  0.38126E+00  0.13452E-04  0.58899E+01
  0  6   0.470  0.15027E+00  0.25697E+00  0.85342E-05  0.37366E+01
  0  7   0.470  0.89479E-01  0.17245E+00  0.58074E-05  0.25427E+01
  0  8   0.470  0.68101E-01  0.14141E+00  0.49245E-05  0.21561E+01
  0  9   0.470  0.42386E-01  0.10164E+00  0.38328E-05  0.16781E+01
  0 10   0.470  0.29352E-01  0.79326E-01  0.32288E-05  0.14137E+01
  0 11   0.470  0.20978E-01  0.63383E-01  0.27904E-05  0.12218E+01
  0 12   0.470  0.12777E-01  0.45647E-01  0.22819E-05  0.99910E+00
  0 13   0.470  0.69430E-02  0.30537E-01  0.18095E-05  0.79227E+00
  0 14   0.470  0.58879E-03  0.59750E-02  0.76294E-06  0.33404E+00
  0  1   0.650  0.48226E+00  0.75959E+00  0.45125E-04  0.19757E+02
  0  2   0.650  0.44090E+00  0.68784E+00  0.36457E-04  0.15962E+02
  0  3   0.650  0.39070E+00  0.60947E+00  0.28407E-04  0.12437E+02
  0  4   0.650  0.31667E+00  0.49679E+00  0.19846E-04  0.86891E+01
  0  5   0.650  0.23851E+00  0.38126E+00  0.13452E-04  0.58899E+01
  0  6   0.650  0.15027E+00  0.25697E+00  0.85342E-05  0.37366E+01
  0  7   0.650  0.89479E-01  0.17245E+00  0.58074E-05  0.25427E+01
  0  8   0.650  0.68101E-01  0.14141E+00  0.49245E-05  0.21561E+01
  0  9   0.650  0.42386E-01  0.10164E+00  0.38328E-05  0.16781E+01
  0 10   0.650  0.29352E-01  0.79326E-01  0.32288E-05  0.14137E+01
  0 11   0.650  0.20978E-01  0.63383E-01  0.27904E-05  0.12218E+01
  0 12   0.650  0.12777E-01  0.45647E-01  0.22819E-05  0.99910E+00
  0 13   0.650  0.69430E-02  0.30537E-01  0.18095E-05  0.79227E+00
  0 14   0.650  0.58879E-03  0.59750E-02  0.76294E-06  0.33404E+00
  0  1   0.750  0.48226E+00  0.75959E+00  0.45125E-04  0.19757E+02
  0  2   0.750  0.44090E+00  0.68784E+00  0.36457E-04  0.15962E+02
  0  3   0.750  0.39070E+00  0.60947E+00  0.28407E-04  0.12437E+02
  0  4   0.750  0.31667E+00  0.49679E+00  0.19846E-04  0.86891E+01
  0  5   0.750  0.23851E+00  0.38126E+00  0.13452E-04  0.58899E+01
  0  6   0.750  0.15027E+00  0.25697E+00  0.85342E-05  0.37366E+01
  0  7   0.750  0.89479E-01  0.17245E+00  0.58074E-05  0.25427E+01
  0  8   0.750  0.68101E-01  0.14141E+00  0.49245E-05  0.21561E+01
  0  9   0.750  0.42386E-01  0.10164E+00  0.38328E-05  0.16781E+01
  0 10   0.750  0.29352E-01  0.79326E-01  0.32288E-05  0.14137E+01
  0 11   0.750  0.20978E-01  0.63383E-01  0.27904E-05  0.12218E+01
  0 12   0.750  0.12777E-01  0.45647E-01  0.22819E-05  0.99910E+00
  0 13   0.750  0.69430E-02  0.30537E-01  0.18095E-05  0.79227E+00
  0 14   0.750  0.58879E-03  0.59750E-02  0.76294E-06  0.33404E+00
  0  1   0.800  0.48226E+00  0.75959E+00  0.45125E-04  0.19757E+02
  0  2   0.800  0.44090E+00  0.68784E+00  0.36457E-04  0.15962E+02
  0  3   0.800  0.39070E+00  0.60947E+00  0.28407E-04  0.12437E+02
  0  4   0.800  0.31667E+00  0.49679E+00  0.19846E-04  0.86891E+01
  0  5   0.800  0.23851E+00  0.38126E+00  0.13452E-04  0.58899E+01
  0  6   0.800  0.15027E+00  0.25697E+00  0.85342E-05  0.37366E+01
  0  7   0.800  0.89479E-01  0.17245E+00  0.58074E-05  0.25427E+01
  0  8   0.800  0.68101E-01  0.14141E+00  0.49245E-05  0.21561E+01
  0  9   0.800  0.42386E-01  0.10164E+00  0.38328E-05  0.16781E+01
  0 10   0.800  0.29352E-01  0.79326E-01  0.32288E-05  0.14137E+01
  0 11   0.800  0.20978E-01  0.63383E-01  0.27904E-05  0.12218E+01
  0 12   0.800  0.12777E-01  0.45647E-01  0.22819E-05  0.99910E+00
  0 13   0.800  0.69430E-02  0.30537E-01  0.18095E-05  0.79227E+00
  0 14   0.800  0.58879E-03  0.59750E-02  0.76294E-06  0.33404E+00
  0  1   0.850  0.48226E+00  0.75959E+00  0.45125E-04  0.19757E+02
  0  2   0.850  0.44090E+00  0.68784E+00  0.36457E-04  0.15962E+02
  0  3   0.850  0.39070E+00  0.60947E+00  0.28407E-04  0.12437E+02
  0  4   0.850  0.31667E+00  0.49679E+00  0.19846E-04  0.86891E+01
  0  5   0.850  0.23851E+00  0.38126E+00  0.13452E-04  0.58899E+01
  0  6   0.850  0.15027E+00  0.25697E+00  0.85342E-05  0.37366E+01
  0  7   0.850  0.89479E-01  0.17245E+00  0.58074E-05  0.25427E+01
  0  8   0.850  0.68101E-01  0.14141E+00  0.49245E-05  0.21561E+01
  0  9   0.850  0.42386E-01  0.10164E+00  0.38328E-05  0.16781E+01
  0 10   0.850  0.29352E-01  0.79326E-01  0.32288E-05  0.14137E+01
  0 11   0.850  0.20978E-01  0.63383E-01  0.27904E-05  0.12218E+01
  0 12   0.850  0.12777E-01  0.45647E-01  0.22819E-05  0.99910E+00
  0 13   0.850  0.69430E-02  0.30537E-01  0.18095E-05  0.79227E+00
  0 14   0.850  0.58879E-03  0.59750E-02  0.76294E-06  0.33404E+00
  0  1   0.900  0.48226E+00  0.75959E+00  0.45125E-04  0.19757E+02
  0  2   0.900  0.44090E+00  0.68784E+00  0.36457E-04  0.15962E+02
  0  3   0.900  0.39070E+00  0.60947E+00  0.28407E-04  0.12437E+02
  0  4   0.900  0.31667E+00  0.49679E+00  0.19846E-04  0.86891E+01
  0  5   0.900  0.23851E+00  0.38126E+00  0.13452E-04  0.58899E+01
  0  6   0.900  0.15027E+00  0.25697E+00  0.85342E-05  0.37366E+01
  0  7   0.900  0.89479E-01  0.17245E+00  0.58074E-05  0.25427E+01
  0  8   0.900  0.68101E-01  0.14141E+00  0.49245E-05  0.21561E+01
  0  9   0.900  0.42386E-01  0.10164E+00  0.38328E-05  0.16781E+01
  0 10   0.900  0.29352E-01  0.79326E-01  0.32288E-05  0.14137E+01
  0 11   0.900  0.20978E-01  0.63383E-01  0.27904E-05  0.12218E+01
  0 12   0.900  0.12777E-01  0.45647E-01  0.22819E-05  0.99910E+00
  0 13   0.900  0.69430E-02  0.30537E-01  0.18095E-05  0.79227E+00
  0 14   0.900  0.58879E-03  0.59750E-02  0.76294E-06  0.33404E+00
  0  1   0.950  0.48226E+00  0.75959E+00  0.45125E-04  0.19757E+02
  0  2   0.950  0.44090E+00  0.68784E+00  0.36457E-04  0.15962E+02
  0  3   0.950  0.39070E+00  0.60947E+00  0.28407E-04  0.12437E+02
  0  4   0.950  0.31667E+00  0.49679E+00  0.19846E-04  0.86891E+01
  0  5   0.950  0.23851E+00  0.38126E+00  0.13452E-04  0.58899E+01
  0  6   0.950  0.15027E+00  0.25697E+00  0.85342E-05  0.37366E+01
  0  7   0.950  0.89479E-01  0.17245E+00  0.58074E-05  0.25427E+01
  0  8   0.950  0.68101E-01  0.14141E+00  0.49245E-05  0.21561E+01
  0  9   0.950  0.42386E-01  0.10164E+00  0.38328E-05  0.16781E+01
  0 10   0.950  0.29352E-01  0.79326E-01  0.32288E-05  0.14137E+01
  0 11   0.950  0.20978E-01  0.63383E-01  0.27904E-05  0.12218E+01
  0 12   0.950  0.12777E-01  0.45647E-01  0.22819E-05  0.99910E+00
  0 13   0.950  0.69430E-02  0.30537E-01  0.18095E-05  0.79227E+00
  0 14   0.950  0.58879E-03  0.59750E-02  0.76294E-06  0.33404E+00
  0  1   0.995  0.48226E+00  0.75959E+00  0.45125E-04  0.19757E+02
  0  2   0.995  0.44090E+00  0.68784E+00  0.36457E-04  0.15962E+02
  0  3   0.995  0.39070E+00  0.60947E+00  0.28407E-04  0.12437E+02
  0  4   0.995  0.31667E+00  0.49679E+00  0.19846E-04  0.86891E+01
  0  5   0.995  0.23851E+00  0.38126E+00  0.13452E-04  0.58899E+01
  0  6   0.995  0.15027E+00  0.25697E+00  0.85342E-05  0.37366E+01
  0  7   0.995  0.89479E-01  0.17245E+00  0.58074E-05  0.25427E+01
  0  8   0.995  0.68101E-01  0.14141E+00  0.49245E-05  0.21561E+01
  0  9   0.995  0.42386E-01  0.10164E+00  0.38328E-05  0.16781E+01
  0 10   0.995  0.29352E-01  0.79326E-01  0.32288E-05  0.14137E+01
  0 11   0.995  0.20978E-01  0.63383E-01  0.27904E-05  0.12218E+01
  0 12   0.995  0.12777E-01  0.45647E-01  0.22819E-05  0.99910E+00
  0 13   0.995  0.69430E-02  0.30537E-01  0.18095E-05  0.79227E+00
  0 14   0.995  0.58879E-03  0.59750E-02  0.76294E-06  0.33404E+00
